

Started GET "/" for 127.0.0.1 at 2013-09-06 13:37:48 -1000
Processing by Rails::WelcomeController#index as HTML
  Rendered /home/eli/.rvm/gems/ruby-2.0.0-p247/gems/railties-4.0.0/lib/rails/templates/rails/welcome/index.html.erb (1.4ms)
Completed 200 OK in 26ms (Views: 6.0ms | ActiveRecord: 0.0ms)
  [1m[36m (27.0ms)[0m  [1mCREATE TABLE "schema_migrations" ("version" character varying(255) NOT NULL) [0m
  [1m[35m (74.4ms)[0m  CREATE UNIQUE INDEX "unique_schema_migrations" ON "schema_migrations" ("version")
  [1m[36mActiveRecord::SchemaMigration Load (0.8ms)[0m  [1mSELECT "schema_migrations".* FROM "schema_migrations"[0m


Started GET "/" for 127.0.0.1 at 2013-09-08 10:52:12 -1000
Processing by Rails::WelcomeController#index as HTML
  Rendered /home/eli/.rvm/gems/ruby-2.0.0-p247/gems/railties-4.0.0/lib/rails/templates/rails/welcome/index.html.erb (1.7ms)
Completed 200 OK in 30ms (Views: 8.3ms | ActiveRecord: 0.0ms)


Started GET "/" for 127.0.0.1 at 2013-09-08 11:42:29 -1000
Processing by Rails::WelcomeController#index as HTML
  Rendered /home/eli/.rvm/gems/ruby-2.0.0-p247/gems/railties-4.0.0/lib/rails/templates/rails/welcome/index.html.erb (1.5ms)
Completed 200 OK in 26ms (Views: 6.4ms | ActiveRecord: 0.0ms)


Started GET "/" for 127.0.0.1 at 2013-09-08 12:09:59 -1000
  [1m[36mActiveRecord::SchemaMigration Load (1.1ms)[0m  [1mSELECT "schema_migrations".* FROM "schema_migrations"[0m
Migrating to DeviseCreateUsers (20130908231728)
  [1m[35m (0.3ms)[0m  BEGIN
  [1m[36m (253.2ms)[0m  [1mCREATE TABLE "users" ("id" serial primary key, "email" character varying(255) DEFAULT '' NOT NULL, "encrypted_password" character varying(255) DEFAULT '' NOT NULL, "reset_password_token" character varying(255), "reset_password_sent_at" timestamp, "remember_created_at" timestamp, "sign_in_count" integer DEFAULT 0 NOT NULL, "current_sign_in_at" timestamp, "last_sign_in_at" timestamp, "current_sign_in_ip" character varying(255), "last_sign_in_ip" character varying(255), "created_at" timestamp, "updated_at" timestamp) [0m
  [1m[35m (42.0ms)[0m  CREATE UNIQUE INDEX "index_users_on_email" ON "users" ("email")
  [1m[36m (44.1ms)[0m  [1mCREATE UNIQUE INDEX "index_users_on_reset_password_token" ON "users" ("reset_password_token")[0m
  [1m[35mSQL (13.9ms)[0m  INSERT INTO "schema_migrations" ("version") VALUES ($1)  [["version", "20130908231728"]]
  [1m[36m (21.5ms)[0m  [1mCOMMIT[0m
  [1m[35mActiveRecord::SchemaMigration Load (0.8ms)[0m  SELECT "schema_migrations".* FROM "schema_migrations"


Started GET "/users/sign_up" for 127.0.0.1 at 2013-09-08 13:25:14 -1000
  [1m[36mActiveRecord::SchemaMigration Load (0.5ms)[0m  [1mSELECT "schema_migrations".* FROM "schema_migrations"[0m
Processing by Devise::RegistrationsController#new as HTML
  Rendered /home/eli/.rvm/gems/ruby-2.0.0-p247/gems/devise-3.1.0/app/views/devise/shared/_links.erb (1.4ms)
  Rendered /home/eli/.rvm/gems/ruby-2.0.0-p247/gems/devise-3.1.0/app/views/devise/registrations/new.html.erb within layouts/application (142.4ms)
Completed 200 OK in 702ms (Views: 665.7ms | ActiveRecord: 3.1ms)


Started GET "/assets/jquery.js?body=1" for 127.0.0.1 at 2013-09-08 13:25:15 -1000


Started GET "/assets/application.css?body=1" for 127.0.0.1 at 2013-09-08 13:25:15 -1000


Started GET "/assets/turbolinks.js?body=1" for 127.0.0.1 at 2013-09-08 13:25:15 -1000


Started GET "/assets/jquery_ujs.js?body=1" for 127.0.0.1 at 2013-09-08 13:25:15 -1000


Started GET "/assets/application.js?body=1" for 127.0.0.1 at 2013-09-08 13:25:15 -1000


Started POST "/users" for 127.0.0.1 at 2013-09-08 13:25:29 -1000
Processing by Devise::RegistrationsController#create as HTML
  Parameters: {"utf8"=>"✓", "authenticity_token"=>"4Hqp9zfXm5jt7WdyiyOQd/XbzVW+d8GyyY/BI3fbwe8=", "user"=>{"email"=>"konakid@gmail.com", "password"=>"[FILTERED]", "password_confirmation"=>"[FILTERED]"}, "commit"=>"Sign up"}
  [1m[35m (0.4ms)[0m  BEGIN
  [1m[36mUser Exists (1.5ms)[0m  [1mSELECT 1 AS one FROM "users" WHERE "users"."email" = 'konakid@gmail.com' LIMIT 1[0m
  [1m[35mSQL (13.9ms)[0m  INSERT INTO "users" ("created_at", "email", "encrypted_password", "updated_at") VALUES ($1, $2, $3, $4) RETURNING "id"  [["created_at", Sun, 08 Sep 2013 23:25:29 UTC +00:00], ["email", "konakid@gmail.com"], ["encrypted_password", "$2a$10$PYhIxZXXGNgcKkHEZKmHpOUP356BsJ.0MulqJUdIycvLCyMXEVLjy"], ["updated_at", Sun, 08 Sep 2013 23:25:29 UTC +00:00]]
  [1m[36m (23.8ms)[0m  [1mCOMMIT[0m
  [1m[35m (0.4ms)[0m  BEGIN
  [1m[36mSQL (1.7ms)[0m  [1mUPDATE "users" SET "last_sign_in_at" = $1, "current_sign_in_at" = $2, "last_sign_in_ip" = $3, "current_sign_in_ip" = $4, "sign_in_count" = $5, "updated_at" = $6 WHERE "users"."id" = 1[0m  [["last_sign_in_at", Sun, 08 Sep 2013 23:25:29 UTC +00:00], ["current_sign_in_at", Sun, 08 Sep 2013 23:25:29 UTC +00:00], ["last_sign_in_ip", "127.0.0.1"], ["current_sign_in_ip", "127.0.0.1"], ["sign_in_count", 1], ["updated_at", Sun, 08 Sep 2013 23:25:29 UTC +00:00]]
  [1m[35m (2.2ms)[0m  COMMIT
Redirected to http://localhost:3000/
Completed 302 Found in 185ms (ActiveRecord: 44.1ms)


Started GET "/" for 127.0.0.1 at 2013-09-08 13:25:29 -1000


Started GET "/users" for 127.0.0.1 at 2013-09-08 13:27:33 -1000

ActionController::RoutingError (No route matches [GET] "/users"):
  actionpack (4.0.0) lib/action_dispatch/middleware/debug_exceptions.rb:21:in `call'
  actionpack (4.0.0) lib/action_dispatch/middleware/show_exceptions.rb:30:in `call'
  railties (4.0.0) lib/rails/rack/logger.rb:38:in `call_app'
  railties (4.0.0) lib/rails/rack/logger.rb:21:in `block in call'
  activesupport (4.0.0) lib/active_support/tagged_logging.rb:67:in `block in tagged'
  activesupport (4.0.0) lib/active_support/tagged_logging.rb:25:in `tagged'
  activesupport (4.0.0) lib/active_support/tagged_logging.rb:67:in `tagged'
  railties (4.0.0) lib/rails/rack/logger.rb:21:in `call'
  actionpack (4.0.0) lib/action_dispatch/middleware/request_id.rb:21:in `call'
  rack (1.5.2) lib/rack/methodoverride.rb:21:in `call'
  rack (1.5.2) lib/rack/runtime.rb:17:in `call'
  activesupport (4.0.0) lib/active_support/cache/strategy/local_cache.rb:83:in `call'
  rack (1.5.2) lib/rack/lock.rb:17:in `call'
  actionpack (4.0.0) lib/action_dispatch/middleware/static.rb:64:in `call'
  railties (4.0.0) lib/rails/engine.rb:511:in `call'
  railties (4.0.0) lib/rails/application.rb:97:in `call'
  rack (1.5.2) lib/rack/lock.rb:17:in `call'
  rack (1.5.2) lib/rack/content_length.rb:14:in `call'
  rack (1.5.2) lib/rack/handler/webrick.rb:60:in `service'
  /home/eli/.rvm/rubies/ruby-2.0.0-p247/lib/ruby/2.0.0/webrick/httpserver.rb:138:in `service'
  /home/eli/.rvm/rubies/ruby-2.0.0-p247/lib/ruby/2.0.0/webrick/httpserver.rb:94:in `run'
  /home/eli/.rvm/rubies/ruby-2.0.0-p247/lib/ruby/2.0.0/webrick/server.rb:295:in `block in start_thread'


  Rendered /home/eli/.rvm/gems/ruby-2.0.0-p247/gems/actionpack-4.0.0/lib/action_dispatch/middleware/templates/rescues/_trace.erb (33.5ms)
  Rendered /home/eli/.rvm/gems/ruby-2.0.0-p247/gems/actionpack-4.0.0/lib/action_dispatch/middleware/templates/routes/_route.html.erb (1.9ms)
  Rendered /home/eli/.rvm/gems/ruby-2.0.0-p247/gems/actionpack-4.0.0/lib/action_dispatch/middleware/templates/routes/_table.html.erb (108.1ms)
  Rendered /home/eli/.rvm/gems/ruby-2.0.0-p247/gems/actionpack-4.0.0/lib/action_dispatch/middleware/templates/rescues/routing_error.erb within rescues/layout (232.8ms)


Started GET "/users/sign_up" for 127.0.0.1 at 2013-09-08 13:27:40 -1000
Processing by Devise::RegistrationsController#new as HTML
  [1m[36mUser Load (0.9ms)[0m  [1mSELECT "users".* FROM "users" WHERE "users"."id" = 1 ORDER BY "users"."id" ASC LIMIT 1[0m
Redirected to http://localhost:3000/
Filter chain halted as :require_no_authentication rendered or redirected
Completed 302 Found in 5ms (ActiveRecord: 0.9ms)


Started GET "/" for 127.0.0.1 at 2013-09-08 13:27:40 -1000


Started GET "/users/sign_up" for 127.0.0.1 at 2013-09-08 14:30:37 -1000
  [1m[36mActiveRecord::SchemaMigration Load (0.5ms)[0m  [1mSELECT "schema_migrations".* FROM "schema_migrations"[0m
Processing by Devise::RegistrationsController#new as HTML
  [1m[35mUser Load (0.9ms)[0m  SELECT "users".* FROM "users" WHERE "users"."id" = 1 ORDER BY "users"."id" ASC LIMIT 1
Redirected to http://localhost:3000/
Filter chain halted as :require_no_authentication rendered or redirected
Completed 302 Found in 70ms (ActiveRecord: 3.2ms)


Started GET "/" for 127.0.0.1 at 2013-09-08 14:30:38 -1000
  [1m[36m (25.1ms)[0m  [1mCREATE TABLE "schema_migrations" ("version" character varying(255) NOT NULL) [0m
  [1m[35m (52.9ms)[0m  CREATE UNIQUE INDEX "unique_schema_migrations" ON "schema_migrations" ("version")
  [1m[36mActiveRecord::SchemaMigration Load (1.0ms)[0m  [1mSELECT "schema_migrations".* FROM "schema_migrations"[0m
Migrating to DeviseCreateUsers (20130908231728)
  [1m[35m (0.4ms)[0m  BEGIN
  [1m[36m (83.5ms)[0m  [1mCREATE TABLE "users" ("id" serial primary key, "email" character varying(255) DEFAULT '' NOT NULL, "encrypted_password" character varying(255) DEFAULT '' NOT NULL, "reset_password_token" character varying(255), "reset_password_sent_at" timestamp, "remember_created_at" timestamp, "sign_in_count" integer DEFAULT 0 NOT NULL, "current_sign_in_at" timestamp, "last_sign_in_at" timestamp, "current_sign_in_ip" character varying(255), "last_sign_in_ip" character varying(255), "created_at" timestamp, "updated_at" timestamp) [0m
  [1m[35m (145.4ms)[0m  CREATE UNIQUE INDEX "index_users_on_email" ON "users" ("email")
  [1m[36m (35.9ms)[0m  [1mCREATE UNIQUE INDEX "index_users_on_reset_password_token" ON "users" ("reset_password_token")[0m
  [1m[35mSQL (1.3ms)[0m  INSERT INTO "schema_migrations" ("version") VALUES ($1)  [["version", "20130908231728"]]
  [1m[36m (20.7ms)[0m  [1mCOMMIT[0m
  [1m[35mActiveRecord::SchemaMigration Load (0.6ms)[0m  SELECT "schema_migrations".* FROM "schema_migrations"


Started GET "/users/sign_up" for 127.0.0.1 at 2013-09-08 14:31:27 -1000
  [1m[36mActiveRecord::SchemaMigration Load (1.0ms)[0m  [1mSELECT "schema_migrations".* FROM "schema_migrations"[0m
Processing by Devise::RegistrationsController#new as HTML
  [1m[35mUser Load (0.8ms)[0m  SELECT "users".* FROM "users" WHERE "users"."id" = 1 ORDER BY "users"."id" ASC LIMIT 1
  Rendered devise/shared/_links.erb (22.6ms)
  Rendered devise/registrations/new.html.erb within layouts/application (69.2ms)
Completed 200 OK in 165ms (Views: 126.2ms | ActiveRecord: 3.8ms)


Started GET "/assets/application.css?body=1" for 127.0.0.1 at 2013-09-08 14:31:28 -1000


Started GET "/assets/users.css?body=1" for 127.0.0.1 at 2013-09-08 14:31:28 -1000


Started GET "/assets/jquery.js?body=1" for 127.0.0.1 at 2013-09-08 14:31:28 -1000


Started GET "/assets/jquery_ujs.js?body=1" for 127.0.0.1 at 2013-09-08 14:31:28 -1000


Started GET "/assets/turbolinks.js?body=1" for 127.0.0.1 at 2013-09-08 14:31:28 -1000


Started GET "/assets/users.js?body=1" for 127.0.0.1 at 2013-09-08 14:31:28 -1000


Started GET "/assets/application.js?body=1" for 127.0.0.1 at 2013-09-08 14:31:28 -1000


Started POST "/users" for 127.0.0.1 at 2013-09-08 14:31:38 -1000
Processing by Devise::RegistrationsController#create as HTML
  Parameters: {"utf8"=>"✓", "authenticity_token"=>"4Hqp9zfXm5jt7WdyiyOQd/XbzVW+d8GyyY/BI3fbwe8=", "user"=>{"email"=>"konakid@gmail.com", "password"=>"[FILTERED]", "password_confirmation"=>"[FILTERED]"}, "commit"=>"Sign up"}
  [1m[36m (0.3ms)[0m  [1mBEGIN[0m
  [1m[35mUser Exists (1.9ms)[0m  SELECT 1 AS one FROM "users" WHERE "users"."email" = 'konakid@gmail.com' LIMIT 1
  [1m[36mSQL (32.5ms)[0m  [1mINSERT INTO "users" ("created_at", "email", "encrypted_password", "updated_at") VALUES ($1, $2, $3, $4) RETURNING "id"[0m  [["created_at", Mon, 09 Sep 2013 00:31:38 UTC +00:00], ["email", "konakid@gmail.com"], ["encrypted_password", "$2a$10$LgMqzZT.olRPbmGbmZv1OOxJZScxUaDTGZjYY3XYW567vfN.oIl0."], ["updated_at", Mon, 09 Sep 2013 00:31:38 UTC +00:00]]
  [1m[35m (13.6ms)[0m  COMMIT
  [1m[36m (0.3ms)[0m  [1mBEGIN[0m
  [1m[35mSQL (1.9ms)[0m  UPDATE "users" SET "last_sign_in_at" = $1, "current_sign_in_at" = $2, "last_sign_in_ip" = $3, "current_sign_in_ip" = $4, "sign_in_count" = $5, "updated_at" = $6 WHERE "users"."id" = 1  [["last_sign_in_at", Mon, 09 Sep 2013 00:31:38 UTC +00:00], ["current_sign_in_at", Mon, 09 Sep 2013 00:31:38 UTC +00:00], ["last_sign_in_ip", "127.0.0.1"], ["current_sign_in_ip", "127.0.0.1"], ["sign_in_count", 1], ["updated_at", Mon, 09 Sep 2013 00:31:38 UTC +00:00]]
  [1m[36m (9.0ms)[0m  [1mCOMMIT[0m
Redirected to http://localhost:3000/
Completed 302 Found in 168ms (ActiveRecord: 59.5ms)


Started GET "/" for 127.0.0.1 at 2013-09-08 14:31:38 -1000
  [1m[36m (25.5ms)[0m  [1mCREATE TABLE "schema_migrations" ("version" character varying(255) NOT NULL) [0m
  [1m[35m (66.1ms)[0m  CREATE UNIQUE INDEX "unique_schema_migrations" ON "schema_migrations" ("version")
  [1m[36mActiveRecord::SchemaMigration Load (1.0ms)[0m  [1mSELECT "schema_migrations".* FROM "schema_migrations"[0m
Migrating to DeviseCreateUsers (20130908231728)
  [1m[35m (0.4ms)[0m  BEGIN
  [1m[36m (102.0ms)[0m  [1mCREATE TABLE "users" ("id" serial primary key, "email" character varying(255) DEFAULT '' NOT NULL, "encrypted_password" character varying(255) DEFAULT '' NOT NULL, "reset_password_token" character varying(255), "reset_password_sent_at" timestamp, "remember_created_at" timestamp, "sign_in_count" integer DEFAULT 0 NOT NULL, "current_sign_in_at" timestamp, "last_sign_in_at" timestamp, "current_sign_in_ip" character varying(255), "last_sign_in_ip" character varying(255), "created_at" timestamp, "updated_at" timestamp) [0m
  [1m[35m (53.9ms)[0m  CREATE UNIQUE INDEX "index_users_on_email" ON "users" ("email")
  [1m[36m (35.8ms)[0m  [1mCREATE UNIQUE INDEX "index_users_on_reset_password_token" ON "users" ("reset_password_token")[0m
  [1m[35mSQL (1.4ms)[0m  INSERT INTO "schema_migrations" ("version") VALUES ($1)  [["version", "20130908231728"]]
  [1m[36m (15.8ms)[0m  [1mCOMMIT[0m
Migrating to CreateSongs (20130909010258)
  [1m[35m (0.4ms)[0m  BEGIN
  [1m[36m (74.5ms)[0m  [1mCREATE TABLE "songs" ("id" serial primary key, "title" character varying(255), "artist" character varying(255), "created_at" timestamp, "updated_at" timestamp) [0m
  [1m[35mSQL (0.8ms)[0m  INSERT INTO "schema_migrations" ("version") VALUES ($1)  [["version", "20130909010258"]]
  [1m[36m (16.6ms)[0m  [1mCOMMIT[0m
Migrating to CreateMessages (20130909014927)
  [1m[35m (0.4ms)[0m  BEGIN
  [1m[36m (65.5ms)[0m  [1mCREATE TABLE "messages" ("id" serial primary key, "content" character varying(255), "user_id" integer, "contact_id" integer, "song_id" integer, "sent" boolean, "created_at" timestamp, "updated_at" timestamp) [0m
  [1m[35mSQL (0.7ms)[0m  INSERT INTO "schema_migrations" ("version") VALUES ($1)  [["version", "20130909014927"]]
  [1m[36m (16.4ms)[0m  [1mCOMMIT[0m
  [1m[35mActiveRecord::SchemaMigration Load (0.8ms)[0m  SELECT "schema_migrations".* FROM "schema_migrations"
